Duplicated file found; will not be sent for synthesis: c:/Users/prodrigu/git/simpleNeuralNetwork/Vivado/NNA/NNA.srcs/sources_1/bd/config_mpsoc/ipshared/1ddd/hdl/verilog/sc_util_v1_0_4_constants.vh
Duplicated file found; will not be sent for synthesis: c:/Users/prodrigu/git/simpleNeuralNetwork/Vivado/NNA/NNA.srcs/sources_1/bd/config_mpsoc/ipshared/1ddd/hdl/verilog/sc_util_v1_0_4_structs.svh
Duplicated file found; will not be sent for synthesis: c:/Users/prodrigu/git/simpleNeuralNetwork/Vivado/NNA/NNA.srcs/sources_1/bd/config_mpsoc/ipshared/1ddd/hdl/sc_util_v1_0_vl_rfs.sv
Duplicated file found; will not be sent for synthesis: c:/Users/prodrigu/git/simpleNeuralNetwork/Vivado/NNA/NNA.srcs/sources_1/bd/config_mpsoc/ipshared/c012/hdl/sc_switchboard_v1_0_vl_rfs.sv
Duplicated file found; will not be sent for synthesis: c:/Users/prodrigu/git/simpleNeuralNetwork/Vivado/NNA/NNA.srcs/sources_1/bd/config_mpsoc/ipshared/1ddd/hdl/verilog/sc_util_v1_0_4_constants.vh
Duplicated file found; will not be sent for synthesis: c:/Users/prodrigu/git/simpleNeuralNetwork/Vivado/NNA/NNA.srcs/sources_1/bd/config_mpsoc/ipshared/1ddd/hdl/verilog/sc_util_v1_0_4_structs.svh
Duplicated file found; will not be sent for synthesis: c:/Users/prodrigu/git/simpleNeuralNetwork/Vivado/NNA/NNA.srcs/sources_1/bd/config_mpsoc/ipshared/1ddd/hdl/sc_util_v1_0_vl_rfs.sv
Duplicated file found; will not be sent for synthesis: c:/Users/prodrigu/git/simpleNeuralNetwork/Vivado/NNA/NNA.srcs/sources_1/bd/config_mpsoc/ipshared/c012/hdl/sc_switchboard_v1_0_vl_rfs.sv
Duplicated file found; will not be sent for synthesis: c:/Users/prodrigu/git/simpleNeuralNetwork/Vivado/NNA/NNA.srcs/sources_1/bd/config_mpsoc/ipshared/1ddd/hdl/verilog/sc_util_v1_0_4_constants.vh
Duplicated file found; will not be sent for synthesis: c:/Users/prodrigu/git/simpleNeuralNetwork/Vivado/NNA/NNA.srcs/sources_1/bd/config_mpsoc/ipshared/1ddd/hdl/verilog/sc_util_v1_0_4_structs.svh
Duplicated file found; will not be sent for synthesis: c:/Users/prodrigu/git/simpleNeuralNetwork/Vivado/NNA/NNA.srcs/sources_1/bd/config_mpsoc/ipshared/1ddd/hdl/sc_util_v1_0_vl_rfs.sv
Duplicated file found; will not be sent for synthesis: c:/Users/prodrigu/git/simpleNeuralNetwork/Vivado/NNA/NNA.srcs/sources_1/bd/config_mpsoc/ipshared/c012/hdl/sc_switchboard_v1_0_vl_rfs.sv
Duplicated file found; will not be sent for synthesis: c:/Users/prodrigu/git/simpleNeuralNetwork/Vivado/NNA/NNA.srcs/sources_1/bd/config_mpsoc/ipshared/1ddd/hdl/verilog/sc_util_v1_0_4_constants.vh
Duplicated file found; will not be sent for synthesis: c:/Users/prodrigu/git/simpleNeuralNetwork/Vivado/NNA/NNA.srcs/sources_1/bd/config_mpsoc/ipshared/1ddd/hdl/verilog/sc_util_v1_0_4_structs.svh
Duplicated file found; will not be sent for synthesis: c:/Users/prodrigu/git/simpleNeuralNetwork/Vivado/NNA/NNA.srcs/sources_1/bd/config_mpsoc/ipshared/1ddd/hdl/sc_util_v1_0_vl_rfs.sv
Duplicated file found; will not be sent for synthesis: c:/Users/prodrigu/git/simpleNeuralNetwork/Vivado/NNA/NNA.srcs/sources_1/bd/config_mpsoc/ipshared/c012/hdl/sc_switchboard_v1_0_vl_rfs.sv
Duplicated file found; will not be sent for synthesis: c:/Users/prodrigu/git/simpleNeuralNetwork/Vivado/NNA/NNA.srcs/sources_1/bd/config_mpsoc/ipshared/1ddd/hdl/verilog/sc_util_v1_0_4_constants.vh
Duplicated file found; will not be sent for synthesis: c:/Users/prodrigu/git/simpleNeuralNetwork/Vivado/NNA/NNA.srcs/sources_1/bd/config_mpsoc/ipshared/1ddd/hdl/verilog/sc_util_v1_0_4_structs.svh
Duplicated file found; will not be sent for synthesis: c:/Users/prodrigu/git/simpleNeuralNetwork/Vivado/NNA/NNA.srcs/sources_1/bd/config_mpsoc/ipshared/1ddd/hdl/sc_util_v1_0_vl_rfs.sv
Duplicated file found; will not be sent for synthesis: c:/Users/prodrigu/git/simpleNeuralNetwork/Vivado/NNA/NNA.srcs/sources_1/bd/config_mpsoc/ipshared/1ddd/hdl/verilog/sc_util_v1_0_4_constants.vh
Duplicated file found; will not be sent for synthesis: c:/Users/prodrigu/git/simpleNeuralNetwork/Vivado/NNA/NNA.srcs/sources_1/bd/config_mpsoc/ipshared/1ddd/hdl/verilog/sc_util_v1_0_4_structs.svh
Duplicated file found; will not be sent for synthesis: c:/Users/prodrigu/git/simpleNeuralNetwork/Vivado/NNA/NNA.srcs/sources_1/bd/config_mpsoc/ipshared/1ddd/hdl/sc_util_v1_0_vl_rfs.sv
Duplicated file found; will not be sent for synthesis: c:/Users/prodrigu/git/simpleNeuralNetwork/Vivado/NNA/NNA.srcs/sources_1/bd/config_mpsoc/ipshared/1ddd/hdl/verilog/sc_util_v1_0_4_constants.vh
Duplicated file found; will not be sent for synthesis: c:/Users/prodrigu/git/simpleNeuralNetwork/Vivado/NNA/NNA.srcs/sources_1/bd/config_mpsoc/ipshared/1ddd/hdl/verilog/sc_util_v1_0_4_structs.svh
Duplicated file found; will not be sent for synthesis: c:/Users/prodrigu/git/simpleNeuralNetwork/Vivado/NNA/NNA.srcs/sources_1/bd/config_mpsoc/ipshared/1ddd/hdl/sc_util_v1_0_vl_rfs.sv
Duplicated file found; will not be sent for synthesis: c:/Users/prodrigu/git/simpleNeuralNetwork/Vivado/NNA/NNA.srcs/sources_1/bd/config_mpsoc/ipshared/1ddd/hdl/verilog/sc_util_v1_0_4_constants.vh
Duplicated file found; will not be sent for synthesis: c:/Users/prodrigu/git/simpleNeuralNetwork/Vivado/NNA/NNA.srcs/sources_1/bd/config_mpsoc/ipshared/1ddd/hdl/verilog/sc_util_v1_0_4_structs.svh
Duplicated file found; will not be sent for synthesis: c:/Users/prodrigu/git/simpleNeuralNetwork/Vivado/NNA/NNA.srcs/sources_1/bd/config_mpsoc/ipshared/1ddd/hdl/sc_util_v1_0_vl_rfs.sv
Duplicated file found; will not be sent for synthesis: c:/Users/prodrigu/git/simpleNeuralNetwork/Vivado/NNA/NNA.srcs/sources_1/bd/config_mpsoc/ipshared/1ddd/hdl/verilog/sc_util_v1_0_4_constants.vh
Duplicated file found; will not be sent for synthesis: c:/Users/prodrigu/git/simpleNeuralNetwork/Vivado/NNA/NNA.srcs/sources_1/bd/config_mpsoc/ipshared/1ddd/hdl/verilog/sc_util_v1_0_4_structs.svh
Duplicated file found; will not be sent for synthesis: c:/Users/prodrigu/git/simpleNeuralNetwork/Vivado/NNA/NNA.srcs/sources_1/bd/config_mpsoc/ipshared/1ddd/hdl/sc_util_v1_0_vl_rfs.sv
Duplicated file found; will not be sent for synthesis: c:/Users/prodrigu/git/simpleNeuralNetwork/Vivado/NNA/NNA.srcs/sources_1/bd/config_mpsoc/ipshared/1ddd/hdl/verilog/sc_util_v1_0_4_constants.vh
Duplicated file found; will not be sent for synthesis: c:/Users/prodrigu/git/simpleNeuralNetwork/Vivado/NNA/NNA.srcs/sources_1/bd/config_mpsoc/ipshared/1ddd/hdl/verilog/sc_util_v1_0_4_structs.svh
Duplicated file found; will not be sent for synthesis: c:/Users/prodrigu/git/simpleNeuralNetwork/Vivado/NNA/NNA.srcs/sources_1/bd/config_mpsoc/ipshared/1ddd/hdl/sc_util_v1_0_vl_rfs.sv
Duplicated file found; will not be sent for synthesis: c:/Users/prodrigu/git/simpleNeuralNetwork/Vivado/NNA/NNA.srcs/sources_1/bd/config_mpsoc/ipshared/b2d0/hdl/verilog/sc_node_v1_0_10_t_reqsend.svh
Duplicated file found; will not be sent for synthesis: c:/Users/prodrigu/git/simpleNeuralNetwork/Vivado/NNA/NNA.srcs/sources_1/bd/config_mpsoc/ipshared/b2d0/hdl/sc_node_v1_0_vl_rfs.sv
Duplicated file found; will not be sent for synthesis: c:/Users/prodrigu/git/simpleNeuralNetwork/Vivado/NNA/NNA.srcs/sources_1/bd/config_mpsoc/ipshared/1ddd/hdl/verilog/sc_util_v1_0_4_constants.vh
Duplicated file found; will not be sent for synthesis: c:/Users/prodrigu/git/simpleNeuralNetwork/Vivado/NNA/NNA.srcs/sources_1/bd/config_mpsoc/ipshared/1ddd/hdl/verilog/sc_util_v1_0_4_structs.svh
Duplicated file found; will not be sent for synthesis: c:/Users/prodrigu/git/simpleNeuralNetwork/Vivado/NNA/NNA.srcs/sources_1/bd/config_mpsoc/ipshared/1ddd/hdl/sc_util_v1_0_vl_rfs.sv
Duplicated file found; will not be sent for synthesis: c:/Users/prodrigu/git/simpleNeuralNetwork/Vivado/NNA/NNA.srcs/sources_1/bd/config_mpsoc/ipshared/b2d0/hdl/verilog/sc_node_v1_0_10_t_reqsend.svh
Duplicated file found; will not be sent for synthesis: c:/Users/prodrigu/git/simpleNeuralNetwork/Vivado/NNA/NNA.srcs/sources_1/bd/config_mpsoc/ipshared/b2d0/hdl/sc_node_v1_0_vl_rfs.sv
Duplicated file found; will not be sent for synthesis: c:/Users/prodrigu/git/simpleNeuralNetwork/Vivado/NNA/NNA.srcs/sources_1/bd/config_mpsoc/ipshared/1ddd/hdl/verilog/sc_util_v1_0_4_constants.vh
Duplicated file found; will not be sent for synthesis: c:/Users/prodrigu/git/simpleNeuralNetwork/Vivado/NNA/NNA.srcs/sources_1/bd/config_mpsoc/ipshared/1ddd/hdl/verilog/sc_util_v1_0_4_structs.svh
Duplicated file found; will not be sent for synthesis: c:/Users/prodrigu/git/simpleNeuralNetwork/Vivado/NNA/NNA.srcs/sources_1/bd/config_mpsoc/ipshared/1ddd/hdl/sc_util_v1_0_vl_rfs.sv
Duplicated file found; will not be sent for synthesis: c:/Users/prodrigu/git/simpleNeuralNetwork/Vivado/NNA/NNA.srcs/sources_1/bd/config_mpsoc/ipshared/b2d0/hdl/verilog/sc_node_v1_0_10_t_reqsend.svh
Duplicated file found; will not be sent for synthesis: c:/Users/prodrigu/git/simpleNeuralNetwork/Vivado/NNA/NNA.srcs/sources_1/bd/config_mpsoc/ipshared/b2d0/hdl/sc_node_v1_0_vl_rfs.sv
Duplicated file found; will not be sent for synthesis: c:/Users/prodrigu/git/simpleNeuralNetwork/Vivado/NNA/NNA.srcs/sources_1/bd/config_mpsoc/ipshared/1ddd/hdl/verilog/sc_util_v1_0_4_constants.vh
Duplicated file found; will not be sent for synthesis: c:/Users/prodrigu/git/simpleNeuralNetwork/Vivado/NNA/NNA.srcs/sources_1/bd/config_mpsoc/ipshared/1ddd/hdl/verilog/sc_util_v1_0_4_structs.svh
Duplicated file found; will not be sent for synthesis: c:/Users/prodrigu/git/simpleNeuralNetwork/Vivado/NNA/NNA.srcs/sources_1/bd/config_mpsoc/ipshared/1ddd/hdl/sc_util_v1_0_vl_rfs.sv
Duplicated file found; will not be sent for synthesis: c:/Users/prodrigu/git/simpleNeuralNetwork/Vivado/NNA/NNA.srcs/sources_1/bd/config_mpsoc/ipshared/b2d0/hdl/verilog/sc_node_v1_0_10_t_reqsend.svh
Duplicated file found; will not be sent for synthesis: c:/Users/prodrigu/git/simpleNeuralNetwork/Vivado/NNA/NNA.srcs/sources_1/bd/config_mpsoc/ipshared/b2d0/hdl/sc_node_v1_0_vl_rfs.sv
Duplicated file found; will not be sent for synthesis: c:/Users/prodrigu/git/simpleNeuralNetwork/Vivado/NNA/NNA.srcs/sources_1/bd/config_mpsoc/ipshared/1ddd/hdl/verilog/sc_util_v1_0_4_constants.vh
Duplicated file found; will not be sent for synthesis: c:/Users/prodrigu/git/simpleNeuralNetwork/Vivado/NNA/NNA.srcs/sources_1/bd/config_mpsoc/ipshared/1ddd/hdl/verilog/sc_util_v1_0_4_structs.svh
Duplicated file found; will not be sent for synthesis: c:/Users/prodrigu/git/simpleNeuralNetwork/Vivado/NNA/NNA.srcs/sources_1/bd/config_mpsoc/ipshared/1ddd/hdl/sc_util_v1_0_vl_rfs.sv
Duplicated file found; will not be sent for synthesis: c:/Users/prodrigu/git/simpleNeuralNetwork/Vivado/NNA/NNA.srcs/sources_1/bd/config_mpsoc/ipshared/f85e/hdl/sc_mmu_v1_0_vl_rfs.sv
Duplicated file found; will not be sent for synthesis: c:/Users/prodrigu/git/simpleNeuralNetwork/Vivado/NNA/NNA.srcs/sources_1/bd/config_mpsoc/ipshared/1ddd/hdl/verilog/sc_util_v1_0_4_constants.vh
Duplicated file found; will not be sent for synthesis: c:/Users/prodrigu/git/simpleNeuralNetwork/Vivado/NNA/NNA.srcs/sources_1/bd/config_mpsoc/ipshared/1ddd/hdl/verilog/sc_util_v1_0_4_structs.svh
Duplicated file found; will not be sent for synthesis: c:/Users/prodrigu/git/simpleNeuralNetwork/Vivado/NNA/NNA.srcs/sources_1/bd/config_mpsoc/ipshared/1ddd/hdl/sc_util_v1_0_vl_rfs.sv
Duplicated file found; will not be sent for synthesis: c:/Users/prodrigu/git/simpleNeuralNetwork/Vivado/NNA/NNA.srcs/sources_1/bd/config_mpsoc/ipshared/ca72/hdl/sc_transaction_regulator_v1_0_vl_rfs.sv
Duplicated file found; will not be sent for synthesis: c:/Users/prodrigu/git/simpleNeuralNetwork/Vivado/NNA/NNA.srcs/sources_1/bd/config_mpsoc/ipshared/1ddd/hdl/verilog/sc_util_v1_0_4_constants.vh
Duplicated file found; will not be sent for synthesis: c:/Users/prodrigu/git/simpleNeuralNetwork/Vivado/NNA/NNA.srcs/sources_1/bd/config_mpsoc/ipshared/1ddd/hdl/verilog/sc_util_v1_0_4_structs.svh
Duplicated file found; will not be sent for synthesis: c:/Users/prodrigu/git/simpleNeuralNetwork/Vivado/NNA/NNA.srcs/sources_1/bd/config_mpsoc/ipshared/1ddd/hdl/sc_util_v1_0_vl_rfs.sv
Duplicated file found; will not be sent for synthesis: c:/Users/prodrigu/git/simpleNeuralNetwork/Vivado/NNA/NNA.srcs/sources_1/bd/config_mpsoc/ipshared/7de4/hdl/sc_si_converter_v1_0_vl_rfs.sv
Duplicated file found; will not be sent for synthesis: c:/Users/prodrigu/git/simpleNeuralNetwork/Vivado/NNA/NNA.srcs/sources_1/bd/config_mpsoc/ipshared/1ddd/hdl/verilog/sc_util_v1_0_4_constants.vh
Duplicated file found; will not be sent for synthesis: c:/Users/prodrigu/git/simpleNeuralNetwork/Vivado/NNA/NNA.srcs/sources_1/bd/config_mpsoc/ipshared/1ddd/hdl/verilog/sc_util_v1_0_4_structs.svh
Duplicated file found; will not be sent for synthesis: c:/Users/prodrigu/git/simpleNeuralNetwork/Vivado/NNA/NNA.srcs/sources_1/bd/config_mpsoc/ipshared/1ddd/hdl/sc_util_v1_0_vl_rfs.sv
Duplicated file found; will not be sent for synthesis: c:/Users/prodrigu/git/simpleNeuralNetwork/Vivado/NNA/NNA.srcs/sources_1/bd/config_mpsoc/ipshared/b89e/hdl/sc_axi2sc_v1_0_vl_rfs.sv
Duplicated file found; will not be sent for synthesis: c:/Users/prodrigu/git/simpleNeuralNetwork/Vivado/NNA/NNA.srcs/sources_1/bd/config_mpsoc/ipshared/1ddd/hdl/verilog/sc_util_v1_0_4_constants.vh
Duplicated file found; will not be sent for synthesis: c:/Users/prodrigu/git/simpleNeuralNetwork/Vivado/NNA/NNA.srcs/sources_1/bd/config_mpsoc/ipshared/1ddd/hdl/verilog/sc_util_v1_0_4_structs.svh
Duplicated file found; will not be sent for synthesis: c:/Users/prodrigu/git/simpleNeuralNetwork/Vivado/NNA/NNA.srcs/sources_1/bd/config_mpsoc/ipshared/1ddd/hdl/sc_util_v1_0_vl_rfs.sv
Duplicated file found; will not be sent for synthesis: c:/Users/prodrigu/git/simpleNeuralNetwork/Vivado/NNA/NNA.srcs/sources_1/bd/config_mpsoc/ipshared/b2d0/hdl/verilog/sc_node_v1_0_10_t_reqsend.svh
Duplicated file found; will not be sent for synthesis: c:/Users/prodrigu/git/simpleNeuralNetwork/Vivado/NNA/NNA.srcs/sources_1/bd/config_mpsoc/ipshared/b2d0/hdl/sc_node_v1_0_vl_rfs.sv
Duplicated file found; will not be sent for synthesis: c:/Users/prodrigu/git/simpleNeuralNetwork/Vivado/NNA/NNA.srcs/sources_1/bd/config_mpsoc/ipshared/1ddd/hdl/verilog/sc_util_v1_0_4_constants.vh
Duplicated file found; will not be sent for synthesis: c:/Users/prodrigu/git/simpleNeuralNetwork/Vivado/NNA/NNA.srcs/sources_1/bd/config_mpsoc/ipshared/1ddd/hdl/verilog/sc_util_v1_0_4_structs.svh
Duplicated file found; will not be sent for synthesis: c:/Users/prodrigu/git/simpleNeuralNetwork/Vivado/NNA/NNA.srcs/sources_1/bd/config_mpsoc/ipshared/1ddd/hdl/sc_util_v1_0_vl_rfs.sv
Duplicated file found; will not be sent for synthesis: c:/Users/prodrigu/git/simpleNeuralNetwork/Vivado/NNA/NNA.srcs/sources_1/bd/config_mpsoc/ipshared/b2d0/hdl/verilog/sc_node_v1_0_10_t_reqsend.svh
Duplicated file found; will not be sent for synthesis: c:/Users/prodrigu/git/simpleNeuralNetwork/Vivado/NNA/NNA.srcs/sources_1/bd/config_mpsoc/ipshared/b2d0/hdl/sc_node_v1_0_vl_rfs.sv
Duplicated file found; will not be sent for synthesis: c:/Users/prodrigu/git/simpleNeuralNetwork/Vivado/NNA/NNA.srcs/sources_1/bd/config_mpsoc/ipshared/1ddd/hdl/verilog/sc_util_v1_0_4_constants.vh
Duplicated file found; will not be sent for synthesis: c:/Users/prodrigu/git/simpleNeuralNetwork/Vivado/NNA/NNA.srcs/sources_1/bd/config_mpsoc/ipshared/1ddd/hdl/verilog/sc_util_v1_0_4_structs.svh
Duplicated file found; will not be sent for synthesis: c:/Users/prodrigu/git/simpleNeuralNetwork/Vivado/NNA/NNA.srcs/sources_1/bd/config_mpsoc/ipshared/1ddd/hdl/sc_util_v1_0_vl_rfs.sv
Duplicated file found; will not be sent for synthesis: c:/Users/prodrigu/git/simpleNeuralNetwork/Vivado/NNA/NNA.srcs/sources_1/bd/config_mpsoc/ipshared/f85e/hdl/sc_mmu_v1_0_vl_rfs.sv
Duplicated file found; will not be sent for synthesis: c:/Users/prodrigu/git/simpleNeuralNetwork/Vivado/NNA/NNA.srcs/sources_1/bd/config_mpsoc/ipshared/1ddd/hdl/verilog/sc_util_v1_0_4_constants.vh
Duplicated file found; will not be sent for synthesis: c:/Users/prodrigu/git/simpleNeuralNetwork/Vivado/NNA/NNA.srcs/sources_1/bd/config_mpsoc/ipshared/1ddd/hdl/verilog/sc_util_v1_0_4_structs.svh
Duplicated file found; will not be sent for synthesis: c:/Users/prodrigu/git/simpleNeuralNetwork/Vivado/NNA/NNA.srcs/sources_1/bd/config_mpsoc/ipshared/1ddd/hdl/sc_util_v1_0_vl_rfs.sv
Duplicated file found; will not be sent for synthesis: c:/Users/prodrigu/git/simpleNeuralNetwork/Vivado/NNA/NNA.srcs/sources_1/bd/config_mpsoc/ipshared/ca72/hdl/sc_transaction_regulator_v1_0_vl_rfs.sv
Duplicated file found; will not be sent for synthesis: c:/Users/prodrigu/git/simpleNeuralNetwork/Vivado/NNA/NNA.srcs/sources_1/bd/config_mpsoc/ipshared/1ddd/hdl/verilog/sc_util_v1_0_4_constants.vh
Duplicated file found; will not be sent for synthesis: c:/Users/prodrigu/git/simpleNeuralNetwork/Vivado/NNA/NNA.srcs/sources_1/bd/config_mpsoc/ipshared/1ddd/hdl/verilog/sc_util_v1_0_4_structs.svh
Duplicated file found; will not be sent for synthesis: c:/Users/prodrigu/git/simpleNeuralNetwork/Vivado/NNA/NNA.srcs/sources_1/bd/config_mpsoc/ipshared/1ddd/hdl/sc_util_v1_0_vl_rfs.sv
Duplicated file found; will not be sent for synthesis: c:/Users/prodrigu/git/simpleNeuralNetwork/Vivado/NNA/NNA.srcs/sources_1/bd/config_mpsoc/ipshared/7de4/hdl/sc_si_converter_v1_0_vl_rfs.sv
Duplicated file found; will not be sent for synthesis: c:/Users/prodrigu/git/simpleNeuralNetwork/Vivado/NNA/NNA.srcs/sources_1/bd/config_mpsoc/ipshared/1ddd/hdl/verilog/sc_util_v1_0_4_constants.vh
Duplicated file found; will not be sent for synthesis: c:/Users/prodrigu/git/simpleNeuralNetwork/Vivado/NNA/NNA.srcs/sources_1/bd/config_mpsoc/ipshared/1ddd/hdl/verilog/sc_util_v1_0_4_structs.svh
Duplicated file found; will not be sent for synthesis: c:/Users/prodrigu/git/simpleNeuralNetwork/Vivado/NNA/NNA.srcs/sources_1/bd/config_mpsoc/ipshared/1ddd/hdl/sc_util_v1_0_vl_rfs.sv
Duplicated file found; will not be sent for synthesis: c:/Users/prodrigu/git/simpleNeuralNetwork/Vivado/NNA/NNA.srcs/sources_1/bd/config_mpsoc/ipshared/b89e/hdl/sc_axi2sc_v1_0_vl_rfs.sv
Duplicated file found; will not be sent for synthesis: c:/Users/prodrigu/git/simpleNeuralNetwork/Vivado/NNA/NNA.srcs/sources_1/bd/config_mpsoc/ipshared/1ddd/hdl/verilog/sc_util_v1_0_4_constants.vh
Duplicated file found; will not be sent for synthesis: c:/Users/prodrigu/git/simpleNeuralNetwork/Vivado/NNA/NNA.srcs/sources_1/bd/config_mpsoc/ipshared/1ddd/hdl/verilog/sc_util_v1_0_4_structs.svh
Duplicated file found; will not be sent for synthesis: c:/Users/prodrigu/git/simpleNeuralNetwork/Vivado/NNA/NNA.srcs/sources_1/bd/config_mpsoc/ipshared/1ddd/hdl/sc_util_v1_0_vl_rfs.sv
Duplicated file found; will not be sent for synthesis: c:/Users/prodrigu/git/simpleNeuralNetwork/Vivado/NNA/NNA.srcs/sources_1/bd/config_mpsoc/ipshared/b2d0/hdl/verilog/sc_node_v1_0_10_t_reqsend.svh
Duplicated file found; will not be sent for synthesis: c:/Users/prodrigu/git/simpleNeuralNetwork/Vivado/NNA/NNA.srcs/sources_1/bd/config_mpsoc/ipshared/b2d0/hdl/sc_node_v1_0_vl_rfs.sv
Duplicated file found; will not be sent for synthesis: c:/Users/prodrigu/git/simpleNeuralNetwork/Vivado/NNA/NNA.srcs/sources_1/bd/config_mpsoc/ipshared/1ddd/hdl/verilog/sc_util_v1_0_4_constants.vh
Duplicated file found; will not be sent for synthesis: c:/Users/prodrigu/git/simpleNeuralNetwork/Vivado/NNA/NNA.srcs/sources_1/bd/config_mpsoc/ipshared/1ddd/hdl/verilog/sc_util_v1_0_4_structs.svh
Duplicated file found; will not be sent for synthesis: c:/Users/prodrigu/git/simpleNeuralNetwork/Vivado/NNA/NNA.srcs/sources_1/bd/config_mpsoc/ipshared/1ddd/hdl/sc_util_v1_0_vl_rfs.sv
Duplicated file found; will not be sent for synthesis: c:/Users/prodrigu/git/simpleNeuralNetwork/Vivado/NNA/NNA.srcs/sources_1/bd/config_mpsoc/ipshared/b2d0/hdl/verilog/sc_node_v1_0_10_t_reqsend.svh
Duplicated file found; will not be sent for synthesis: c:/Users/prodrigu/git/simpleNeuralNetwork/Vivado/NNA/NNA.srcs/sources_1/bd/config_mpsoc/ipshared/b2d0/hdl/sc_node_v1_0_vl_rfs.sv
Duplicated file found; will not be sent for synthesis: c:/Users/prodrigu/git/simpleNeuralNetwork/Vivado/NNA/NNA.srcs/sources_1/bd/config_mpsoc/ipshared/1ddd/hdl/verilog/sc_util_v1_0_4_constants.vh
Duplicated file found; will not be sent for synthesis: c:/Users/prodrigu/git/simpleNeuralNetwork/Vivado/NNA/NNA.srcs/sources_1/bd/config_mpsoc/ipshared/1ddd/hdl/verilog/sc_util_v1_0_4_structs.svh
Duplicated file found; will not be sent for synthesis: c:/Users/prodrigu/git/simpleNeuralNetwork/Vivado/NNA/NNA.srcs/sources_1/bd/config_mpsoc/ipshared/1ddd/hdl/sc_util_v1_0_vl_rfs.sv
Duplicated file found; will not be sent for synthesis: c:/Users/prodrigu/git/simpleNeuralNetwork/Vivado/NNA/NNA.srcs/sources_1/bd/config_mpsoc/ipshared/b2d0/hdl/verilog/sc_node_v1_0_10_t_reqsend.svh
Duplicated file found; will not be sent for synthesis: c:/Users/prodrigu/git/simpleNeuralNetwork/Vivado/NNA/NNA.srcs/sources_1/bd/config_mpsoc/ipshared/b2d0/hdl/sc_node_v1_0_vl_rfs.sv
Duplicated file found; will not be sent for synthesis: c:/Users/prodrigu/git/simpleNeuralNetwork/Vivado/NNA/NNA.srcs/sources_1/bd/config_mpsoc/ipshared/1ddd/hdl/verilog/sc_util_v1_0_4_constants.vh
Duplicated file found; will not be sent for synthesis: c:/Users/prodrigu/git/simpleNeuralNetwork/Vivado/NNA/NNA.srcs/sources_1/bd/config_mpsoc/ipshared/1ddd/hdl/verilog/sc_util_v1_0_4_structs.svh
Duplicated file found; will not be sent for synthesis: c:/Users/prodrigu/git/simpleNeuralNetwork/Vivado/NNA/NNA.srcs/sources_1/bd/config_mpsoc/ipshared/1ddd/hdl/sc_util_v1_0_vl_rfs.sv
Duplicated file found; will not be sent for synthesis: c:/Users/prodrigu/git/simpleNeuralNetwork/Vivado/NNA/NNA.srcs/sources_1/bd/config_mpsoc/ipshared/1ddd/hdl/verilog/sc_util_v1_0_4_constants.vh
Duplicated file found; will not be sent for synthesis: c:/Users/prodrigu/git/simpleNeuralNetwork/Vivado/NNA/NNA.srcs/sources_1/bd/config_mpsoc/ipshared/1ddd/hdl/verilog/sc_util_v1_0_4_structs.svh
Duplicated file found; will not be sent for synthesis: c:/Users/prodrigu/git/simpleNeuralNetwork/Vivado/NNA/NNA.srcs/sources_1/bd/config_mpsoc/ipshared/1ddd/hdl/sc_util_v1_0_vl_rfs.sv
Duplicated file found; will not be sent for synthesis: c:/Users/prodrigu/git/simpleNeuralNetwork/Vivado/NNA/NNA.srcs/sources_1/bd/config_mpsoc/ipshared/b2d0/hdl/verilog/sc_node_v1_0_10_t_reqsend.svh
Duplicated file found; will not be sent for synthesis: c:/Users/prodrigu/git/simpleNeuralNetwork/Vivado/NNA/NNA.srcs/sources_1/bd/config_mpsoc/ipshared/b2d0/hdl/sc_node_v1_0_vl_rfs.sv
Duplicated file found; will not be sent for synthesis: c:/Users/prodrigu/git/simpleNeuralNetwork/Vivado/NNA/NNA.srcs/sources_1/bd/config_mpsoc/ipshared/1ddd/hdl/verilog/sc_util_v1_0_4_constants.vh
Duplicated file found; will not be sent for synthesis: c:/Users/prodrigu/git/simpleNeuralNetwork/Vivado/NNA/NNA.srcs/sources_1/bd/config_mpsoc/ipshared/1ddd/hdl/verilog/sc_util_v1_0_4_structs.svh
Duplicated file found; will not be sent for synthesis: c:/Users/prodrigu/git/simpleNeuralNetwork/Vivado/NNA/NNA.srcs/sources_1/bd/config_mpsoc/ipshared/1ddd/hdl/sc_util_v1_0_vl_rfs.sv
Duplicated file found; will not be sent for synthesis: c:/Users/prodrigu/git/simpleNeuralNetwork/Vivado/NNA/NNA.srcs/sources_1/bd/config_mpsoc/ipshared/b2d0/hdl/verilog/sc_node_v1_0_10_t_reqsend.svh
Duplicated file found; will not be sent for synthesis: c:/Users/prodrigu/git/simpleNeuralNetwork/Vivado/NNA/NNA.srcs/sources_1/bd/config_mpsoc/ipshared/b2d0/hdl/sc_node_v1_0_vl_rfs.sv
Duplicated file found; will not be sent for synthesis: c:/Users/prodrigu/git/simpleNeuralNetwork/Vivado/NNA/NNA.srcs/sources_1/bd/config_mpsoc/ipshared/1ddd/hdl/verilog/sc_util_v1_0_4_constants.vh
Duplicated file found; will not be sent for synthesis: c:/Users/prodrigu/git/simpleNeuralNetwork/Vivado/NNA/NNA.srcs/sources_1/bd/config_mpsoc/ipshared/1ddd/hdl/verilog/sc_util_v1_0_4_structs.svh
Duplicated file found; will not be sent for synthesis: c:/Users/prodrigu/git/simpleNeuralNetwork/Vivado/NNA/NNA.srcs/sources_1/bd/config_mpsoc/ipshared/1ddd/hdl/sc_util_v1_0_vl_rfs.sv
Duplicated file found; will not be sent for synthesis: c:/Users/prodrigu/git/simpleNeuralNetwork/Vivado/NNA/NNA.srcs/sources_1/bd/config_mpsoc/ipshared/b2d0/hdl/verilog/sc_node_v1_0_10_t_reqsend.svh
Duplicated file found; will not be sent for synthesis: c:/Users/prodrigu/git/simpleNeuralNetwork/Vivado/NNA/NNA.srcs/sources_1/bd/config_mpsoc/ipshared/b2d0/hdl/sc_node_v1_0_vl_rfs.sv
Duplicated file found; will not be sent for synthesis: c:/Users/prodrigu/git/simpleNeuralNetwork/Vivado/NNA/NNA.srcs/sources_1/bd/config_mpsoc/ipshared/1ddd/hdl/verilog/sc_util_v1_0_4_constants.vh
Duplicated file found; will not be sent for synthesis: c:/Users/prodrigu/git/simpleNeuralNetwork/Vivado/NNA/NNA.srcs/sources_1/bd/config_mpsoc/ipshared/1ddd/hdl/verilog/sc_util_v1_0_4_structs.svh
Duplicated file found; will not be sent for synthesis: c:/Users/prodrigu/git/simpleNeuralNetwork/Vivado/NNA/NNA.srcs/sources_1/bd/config_mpsoc/ipshared/1ddd/hdl/sc_util_v1_0_vl_rfs.sv
Duplicated file found; will not be sent for synthesis: c:/Users/prodrigu/git/simpleNeuralNetwork/Vivado/NNA/NNA.srcs/sources_1/bd/config_mpsoc/ipshared/b2d0/hdl/verilog/sc_node_v1_0_10_t_reqsend.svh
Duplicated file found; will not be sent for synthesis: c:/Users/prodrigu/git/simpleNeuralNetwork/Vivado/NNA/NNA.srcs/sources_1/bd/config_mpsoc/ipshared/b2d0/hdl/sc_node_v1_0_vl_rfs.sv
Duplicated file found; will not be sent for synthesis: c:/Users/prodrigu/git/simpleNeuralNetwork/Vivado/NNA/NNA.srcs/sources_1/bd/config_mpsoc/ipshared/1ddd/hdl/verilog/sc_util_v1_0_4_constants.vh
Duplicated file found; will not be sent for synthesis: c:/Users/prodrigu/git/simpleNeuralNetwork/Vivado/NNA/NNA.srcs/sources_1/bd/config_mpsoc/ipshared/1ddd/hdl/verilog/sc_util_v1_0_4_structs.svh
Duplicated file found; will not be sent for synthesis: c:/Users/prodrigu/git/simpleNeuralNetwork/Vivado/NNA/NNA.srcs/sources_1/bd/config_mpsoc/ipshared/1ddd/hdl/sc_util_v1_0_vl_rfs.sv
Duplicated file found; will not be sent for synthesis: c:/Users/prodrigu/git/simpleNeuralNetwork/Vivado/NNA/NNA.srcs/sources_1/bd/config_mpsoc/ipshared/b2d0/hdl/verilog/sc_node_v1_0_10_t_reqsend.svh
Duplicated file found; will not be sent for synthesis: c:/Users/prodrigu/git/simpleNeuralNetwork/Vivado/NNA/NNA.srcs/sources_1/bd/config_mpsoc/ipshared/b2d0/hdl/sc_node_v1_0_vl_rfs.sv
Duplicated file found; will not be sent for synthesis: c:/Users/prodrigu/git/simpleNeuralNetwork/Vivado/NNA/NNA.srcs/sources_1/bd/config_mpsoc/ipshared/1ddd/hdl/verilog/sc_util_v1_0_4_constants.vh
Duplicated file found; will not be sent for synthesis: c:/Users/prodrigu/git/simpleNeuralNetwork/Vivado/NNA/NNA.srcs/sources_1/bd/config_mpsoc/ipshared/1ddd/hdl/verilog/sc_util_v1_0_4_structs.svh
Duplicated file found; will not be sent for synthesis: c:/Users/prodrigu/git/simpleNeuralNetwork/Vivado/NNA/NNA.srcs/sources_1/bd/config_mpsoc/ipshared/1ddd/hdl/sc_util_v1_0_vl_rfs.sv
CRC performance measure: elapsed=00:00:00.836s;;memory_peak=1284.594MB;;memory_gain=0.000MB
