Copyright 1986-2019 Xilinx, Inc. All Rights Reserved.
-------------------------------------------------------------------------------------------------------------------------------------
| Tool Version : Vivado v.2019.1 (win64) Build 2552052 Fri May 24 14:49:42 MDT 2019
| Date         : Sun Sep 22 09:57:49 2019
| Host         : SJO-PRODRIGU-L1 running 64-bit major release  (build 9200)
| Command      : report_utilization -file config_mpsoc_wrapper_utilization_placed.rpt -pb config_mpsoc_wrapper_utilization_placed.pb
| Design       : config_mpsoc_wrapper
| Device       : xczu9egffvb1156-2
| Design State : Fully Placed
-------------------------------------------------------------------------------------------------------------------------------------

Utilization Design Information

Table of Contents
-----------------
1. CLB Logic
1.1 Summary of Registers by Type
2. CLB Logic Distribution
3. BLOCKRAM
4. ARITHMETIC
5. I/O
6. CLOCK
7. ADVANCED
8. CONFIGURATION
9. Primitives
10. Black Boxes
11. Instantiated Netlists

1. CLB Logic
------------

+----------------------------+------+-------+-----------+-------+
|          Site Type         | Used | Fixed | Available | Util% |
+----------------------------+------+-------+-----------+-------+
| CLB LUTs                   | 6347 |     0 |    274080 |  2.32 |
|   LUT as Logic             | 5189 |     0 |    274080 |  1.89 |
|   LUT as Memory            | 1158 |     0 |    144000 |  0.80 |
|     LUT as Distributed RAM |  956 |     0 |           |       |
|     LUT as Shift Register  |  202 |     0 |           |       |
| CLB Registers              | 9690 |     0 |    548160 |  1.77 |
|   Register as Flip Flop    | 9690 |     0 |    548160 |  1.77 |
|   Register as Latch        |    0 |     0 |    548160 |  0.00 |
| CARRY8                     |   23 |     0 |     34260 |  0.07 |
| F7 Muxes                   |    0 |     0 |    137040 |  0.00 |
| F8 Muxes                   |    0 |     0 |     68520 |  0.00 |
| F9 Muxes                   |    0 |     0 |     34260 |  0.00 |
+----------------------------+------+-------+-----------+-------+


1.1 Summary of Registers by Type
--------------------------------

+-------+--------------+-------------+--------------+
| Total | Clock Enable | Synchronous | Asynchronous |
+-------+--------------+-------------+--------------+
| 0     |            _ |           - |            - |
| 0     |            _ |           - |          Set |
| 0     |            _ |           - |        Reset |
| 0     |            _ |         Set |            - |
| 0     |            _ |       Reset |            - |
| 0     |          Yes |           - |            - |
| 33    |          Yes |           - |          Set |
| 69    |          Yes |           - |        Reset |
| 359   |          Yes |         Set |            - |
| 9229  |          Yes |       Reset |            - |
+-------+--------------+-------------+--------------+


2. CLB Logic Distribution
-------------------------

+--------------------------------------------+------+-------+-----------+-------+
|                  Site Type                 | Used | Fixed | Available | Util% |
+--------------------------------------------+------+-------+-----------+-------+
| CLB                                        | 1451 |     0 |     34260 |  4.24 |
|   CLBL                                     |  634 |     0 |           |       |
|   CLBM                                     |  817 |     0 |           |       |
| LUT as Logic                               | 5189 |     0 |    274080 |  1.89 |
|   using O5 output only                     |  321 |       |           |       |
|   using O6 output only                     | 3263 |       |           |       |
|   using O5 and O6                          | 1605 |       |           |       |
| LUT as Memory                              | 1158 |     0 |    144000 |  0.80 |
|   LUT as Distributed RAM                   |  956 |     0 |           |       |
|     using O5 output only                   |    0 |       |           |       |
|     using O6 output only                   |    4 |       |           |       |
|     using O5 and O6                        |  952 |       |           |       |
|   LUT as Shift Register                    |  202 |     0 |           |       |
|     using O5 output only                   |    0 |       |           |       |
|     using O6 output only                   |  137 |       |           |       |
|     using O5 and O6                        |   65 |       |           |       |
| CLB Registers                              | 9690 |     0 |    548160 |  1.77 |
|   Register driven from within the CLB      | 5628 |       |           |       |
|   Register driven from outside the CLB     | 4062 |       |           |       |
|     LUT in front of the register is unused | 3278 |       |           |       |
|     LUT in front of the register is used   |  784 |       |           |       |
| Unique Control Sets                        |  521 |       |     68520 |  0.76 |
+--------------------------------------------+------+-------+-----------+-------+
* Note: Available Control Sets calculated as CLB Registers / 8, Review the Control Sets Report for more information regarding control sets.


3. BLOCKRAM
-----------

+-------------------+------+-------+-----------+-------+
|     Site Type     | Used | Fixed | Available | Util% |
+-------------------+------+-------+-----------+-------+
| Block RAM Tile    |  3.5 |     0 |       912 |  0.38 |
|   RAMB36/FIFO*    |    3 |     0 |       912 |  0.33 |
|     RAMB36E2 only |    3 |       |           |       |
|   RAMB18          |    1 |     0 |      1824 |  0.05 |
|     RAMB18E2 only |    1 |       |           |       |
+-------------------+------+-------+-----------+-------+
* Note: Each Block RAM Tile only has one FIFO logic available and therefore can accommodate only one FIFO36E2 or one FIFO18E2. However, if a FIFO18E2 occupies a Block RAM Tile, that tile can still accommodate a RAMB18E2


4. ARITHMETIC
-------------

+-----------+------+-------+-----------+-------+
| Site Type | Used | Fixed | Available | Util% |
+-----------+------+-------+-----------+-------+
| DSPs      |    0 |     0 |      2520 |  0.00 |
+-----------+------+-------+-----------+-------+


5. I/O
------

+------------------+------+-------+-----------+-------+
|     Site Type    | Used | Fixed | Available | Util% |
+------------------+------+-------+-----------+-------+
| Bonded IOB       |    0 |     0 |       328 |  0.00 |
| HPIOB_M          |    0 |     0 |        96 |  0.00 |
| HPIOB_S          |    0 |     0 |        96 |  0.00 |
| HDIOB_M          |    0 |     0 |        60 |  0.00 |
| HDIOB_S          |    0 |     0 |        60 |  0.00 |
| HPIOB_SNGL       |    0 |     0 |        16 |  0.00 |
| HPIOBDIFFINBUF   |    0 |     0 |        96 |  0.00 |
| HPIOBDIFFOUTBUF  |    0 |     0 |        96 |  0.00 |
| HDIOBDIFFINBUF   |    0 |     0 |        60 |  0.00 |
| BITSLICE_CONTROL |    0 |     0 |        32 |  0.00 |
| BITSLICE_RX_TX   |    0 |     0 |       208 |  0.00 |
| BITSLICE_TX      |    0 |     0 |        32 |  0.00 |
| RIU_OR           |    0 |     0 |        16 |  0.00 |
+------------------+------+-------+-----------+-------+


6. CLOCK
--------

+----------------------+------+-------+-----------+-------+
|       Site Type      | Used | Fixed | Available | Util% |
+----------------------+------+-------+-----------+-------+
| GLOBAL CLOCK BUFFERs |    1 |     0 |       404 |  0.25 |
|   BUFGCE             |    0 |     0 |       116 |  0.00 |
|   BUFGCE_DIV         |    0 |     0 |        16 |  0.00 |
|   BUFG_GT            |    0 |     0 |       168 |  0.00 |
|   BUFG_PS            |    1 |     0 |        72 |  1.39 |
|   BUFGCTRL*          |    0 |     0 |        32 |  0.00 |
| PLL                  |    0 |     0 |         8 |  0.00 |
| MMCM                 |    0 |     0 |         4 |  0.00 |
+----------------------+------+-------+-----------+-------+
* Note: Each used BUFGCTRL counts as two GLOBAL CLOCK BUFFERs. This table does not include global clocking resources, only buffer cell usage. See the Clock Utilization Report (report_clock_utilization) for detailed accounting of global clocking resource availability.


7. ADVANCED
-----------

+-----------------+------+-------+-----------+--------+
|    Site Type    | Used | Fixed | Available |  Util% |
+-----------------+------+-------+-----------+--------+
| GTHE4_CHANNEL   |    0 |     0 |        24 |   0.00 |
| GTHE4_COMMON    |    0 |     0 |         6 |   0.00 |
| OBUFDS_GTE4     |    0 |     0 |        12 |   0.00 |
| OBUFDS_GTE4_ADV |    0 |     0 |        12 |   0.00 |
| PS8             |    1 |     0 |         1 | 100.00 |
| SYSMONE4        |    0 |     0 |         1 |   0.00 |
+-----------------+------+-------+-----------+--------+


8. CONFIGURATION
----------------

+-------------+------+-------+-----------+-------+
|  Site Type  | Used | Fixed | Available | Util% |
+-------------+------+-------+-----------+-------+
| BSCANE2     |    0 |     0 |         4 |  0.00 |
| DNA_PORTE2  |    0 |     0 |         1 |  0.00 |
| EFUSE_USR   |    0 |     0 |         1 |  0.00 |
| FRAME_ECCE4 |    0 |     0 |         1 |  0.00 |
| ICAPE3      |    0 |     0 |         2 |  0.00 |
| MASTER_JTAG |    0 |     0 |         1 |  0.00 |
| STARTUPE3   |    0 |     0 |         1 |  0.00 |
+-------------+------+-------+-----------+-------+


9. Primitives
-------------

+----------+------+---------------------+
| Ref Name | Used | Functional Category |
+----------+------+---------------------+
| FDRE     | 9229 |            Register |
| LUT3     | 2224 |                 CLB |
| RAMD32   | 1670 |                 CLB |
| LUT6     | 1543 |                 CLB |
| LUT5     | 1160 |                 CLB |
| LUT4     |  992 |                 CLB |
| LUT2     |  629 |                 CLB |
| FDSE     |  359 |            Register |
| LUT1     |  246 |                 CLB |
| RAMS32   |  238 |                 CLB |
| SRL16E   |  234 |                 CLB |
| FDCE     |   69 |            Register |
| SRLC32E  |   33 |                 CLB |
| FDPE     |   33 |            Register |
| CARRY8   |   23 |                 CLB |
| RAMB36E2 |    3 |           Block Ram |
| RAMB18E2 |    1 |           Block Ram |
| PS8      |    1 |            Advanced |
| BUFG_PS  |    1 |               Clock |
+----------+------+---------------------+


10. Black Boxes
---------------

+----------+------+
| Ref Name | Used |
+----------+------+


11. Instantiated Netlists
-------------------------

+----------------------------------+------+
|             Ref Name             | Used |
+----------------------------------+------+
| config_mpsoc_zynq_ultra_ps_e_0_1 |    1 |
| config_mpsoc_rst_ps8_0_99M_1     |    1 |
| config_mpsoc_axis_data_fifo_0_0  |    1 |
| config_mpsoc_axi_smc_0           |    1 |
| config_mpsoc_axi_dma_0_0         |    1 |
| config_mpsoc_auto_pc_0           |    1 |
| config_mpsoc_auto_ds_0           |    1 |
+----------------------------------+------+


